<?xml version="1.0" encoding="UTF-8"?>
<!-- Generated by org.testng.reporters.JUnitXMLReporter -->
<testsuite hostname="NB32057" name="Test" tests="1" failures="1" timestamp="19 Jan 2016 12:53:54 GMT" time="111.505" errors="0">
  <testcase name="Test1" time="99.784" classname="TestNG.TestCases">
    <failure type="org.openqa.selenium.StaleElementReferenceException" message="Element is no longer attached to the DOM
Command duration or timeout: 884 milliseconds
For documentation on this error, please visit: http://seleniumhq.org/exceptions/stale_element_reference.html
Build info: version: &amp;apos;2.48.2&amp;apos;, revision: &amp;apos;41bccdd&amp;apos;, time: &amp;apos;2015-10-09 19:55:52&amp;apos;
System info: host: &amp;apos;NB32057&amp;apos;, ip: &amp;apos;172.21.1.223&amp;apos;, os.name: &amp;apos;Windows 10&amp;apos;, os.arch: &amp;apos;amd64&amp;apos;, os.version: &amp;apos;10.0&amp;apos;, java.version: &amp;apos;1.8.0_66&amp;apos;
Driver info: org.openqa.selenium.firefox.FirefoxDriver
Capabilities [{applicationCacheEnabled=true, rotatable=false, handlesAlerts=true, databaseEnabled=true, version=43.0.4, platform=WINDOWS, nativeEvents=false, acceptSslCerts=true, webStorageEnabled=true, locationContextEnabled=true, browserName=firefox, takesScreenshot=true, javascriptEnabled=true, cssSelectorsEnabled=true}]
Session ID: b4353e81-75b5-461a-af50-6648789b01b0
*** Element info: {Using=xpath, value=.//option[normalize-space(.) = &amp;quot;1&amp;quot;]}">
      <![CDATA[org.openqa.selenium.StaleElementReferenceException: Element is no longer attached to the DOM
Command duration or timeout: 884 milliseconds
For documentation on this error, please visit: http://seleniumhq.org/exceptions/stale_element_reference.html
Build info: version: '2.48.2', revision: '41bccdd', time: '2015-10-09 19:55:52'
System info: host: 'NB32057', ip: '172.21.1.223', os.name: 'Windows 10', os.arch: 'amd64', os.version: '10.0', java.version: '1.8.0_66'
Driver info: org.openqa.selenium.firefox.FirefoxDriver
Capabilities [{applicationCacheEnabled=true, rotatable=false, handlesAlerts=true, databaseEnabled=true, version=43.0.4, platform=WINDOWS, nativeEvents=false, acceptSslCerts=true, webStorageEnabled=true, locationContextEnabled=true, browserName=firefox, takesScreenshot=true, javascriptEnabled=true, cssSelectorsEnabled=true}]
Session ID: b4353e81-75b5-461a-af50-6648789b01b0
*** Element info: {Using=xpath, value=.//option[normalize-space(.) = "1"]}
	at org.openqa.selenium.remote.ErrorHandler.createThrowable(ErrorHandler.java:206)
	at org.openqa.selenium.remote.ErrorHandler.throwIfResponseFailed(ErrorHandler.java:158)
	at org.openqa.selenium.remote.RemoteWebDriver.execute(RemoteWebDriver.java:647)
	at org.openqa.selenium.remote.RemoteWebElement.execute(RemoteWebElement.java:326)
	at org.openqa.selenium.remote.RemoteWebElement.findElements(RemoteWebElement.java:213)
	at org.openqa.selenium.remote.RemoteWebElement.findElementsByXPath(RemoteWebElement.java:298)
	at org.openqa.selenium.By$ByXPath.findElements(By.java:356)
	at org.openqa.selenium.remote.RemoteWebElement.findElements(RemoteWebElement.java:189)
	at org.openqa.selenium.support.ui.Select.selectByVisibleText(Select.java:115)
	at TestNG.TestCases.Test1(TestCases.java:137)
Caused by: org.openqa.selenium.StaleElementReferenceException: Element is no longer attached to the DOM
For documentation on this error, please visit: http://seleniumhq.org/exceptions/stale_element_reference.html
Build info: version: '2.48.2', revision: '41bccdd', time: '2015-10-09 19:55:52'
System info: host: 'NB32057', ip: '172.21.1.223', os.name: 'Windows 10', os.arch: 'amd64', os.version: '10.0', java.version: '1.8.0_66'
Driver info: driver.version: unknown
	at <anonymous class>.fxdriver.cache.getElementAt(resource://fxdriver/modules/web-element-cache.js:9354)
	at <anonymous class>.Utils.getElementAt(file:///C:/Users/janisnu/AppData/Local/Temp/anonymous659203204943649399webdriver-profile/extensions/fxdriver@googlecode.com/components/driver-component.js:8978)
	at <anonymous class>.FirefoxDriver.prototype.findElementsInternal_(file:///C:/Users/janisnu/AppData/Local/Temp/anonymous659203204943649399webdriver-profile/extensions/fxdriver@googlecode.com/components/driver-component.js:10677)
	at <anonymous class>.fxdriver.Timer.prototype.setTimeout/<.notify(file:///C:/Users/janisnu/AppData/Local/Temp/anonymous659203204943649399webdriver-profile/extensions/fxdriver@googlecode.com/components/driver-component.js:621)
... Removed 27 stack frames]]>
    </failure>
  </testcase> <!-- Test1 -->
</testsuite> <!-- Test -->
