<?xml version="1.0" encoding="UTF-8"?>
<testng-results skipped="0" failed="1" total="1" passed="0">
  <reporter-output>
  </reporter-output>
  <suite name="Suite" duration-ms="111505" started-at="2016-01-19T12:52:02Z" finished-at="2016-01-19T12:53:54Z">
    <groups>
    </groups>
    <test name="Test" duration-ms="111505" started-at="2016-01-19T12:52:02Z" finished-at="2016-01-19T12:53:54Z">
      <class name="TestNG.TestCases">
        <test-method status="PASS" signature="setUp()[pri:0, instance:TestNG.TestCases@71c7db30]" name="setUp" is-config="true" duration-ms="10227" started-at="2016-01-19T14:52:02Z" finished-at="2016-01-19T14:52:12Z">
          <reporter-output>
          </reporter-output>
        </test-method> <!-- setUp -->
        <test-method status="FAIL" signature="Test1()[pri:0, instance:TestNG.TestCases@71c7db30]" name="Test1" duration-ms="99784" started-at="2016-01-19T14:52:12Z" finished-at="2016-01-19T14:53:52Z">
          <exception class="org.openqa.selenium.StaleElementReferenceException">
            <message>
              <![CDATA[Element is no longer attached to the DOM
Command duration or timeout: 884 milliseconds
For documentation on this error, please visit: http://seleniumhq.org/exceptions/stale_element_reference.html
Build info: version: '2.48.2', revision: '41bccdd', time: '2015-10-09 19:55:52'
System info: host: 'NB32057', ip: '172.21.1.223', os.name: 'Windows 10', os.arch: 'amd64', os.version: '10.0', java.version: '1.8.0_66'
Driver info: org.openqa.selenium.firefox.FirefoxDriver
Capabilities [{applicationCacheEnabled=true, rotatable=false, handlesAlerts=true, databaseEnabled=true, version=43.0.4, platform=WINDOWS, nativeEvents=false, acceptSslCerts=true, webStorageEnabled=true, locationContextEnabled=true, browserName=firefox, takesScreenshot=true, javascriptEnabled=true, cssSelectorsEnabled=true}]
Session ID: b4353e81-75b5-461a-af50-6648789b01b0
*** Element info: {Using=xpath, value=.//option[normalize-space(.) = "1"]}]]>
            </message>
            <full-stacktrace>
              <![CDATA[org.openqa.selenium.StaleElementReferenceException: Element is no longer attached to the DOM
Command duration or timeout: 884 milliseconds
For documentation on this error, please visit: http://seleniumhq.org/exceptions/stale_element_reference.html
Build info: version: '2.48.2', revision: '41bccdd', time: '2015-10-09 19:55:52'
System info: host: 'NB32057', ip: '172.21.1.223', os.name: 'Windows 10', os.arch: 'amd64', os.version: '10.0', java.version: '1.8.0_66'
Driver info: org.openqa.selenium.firefox.FirefoxDriver
Capabilities [{applicationCacheEnabled=true, rotatable=false, handlesAlerts=true, databaseEnabled=true, version=43.0.4, platform=WINDOWS, nativeEvents=false, acceptSslCerts=true, webStorageEnabled=true, locationContextEnabled=true, browserName=firefox, takesScreenshot=true, javascriptEnabled=true, cssSelectorsEnabled=true}]
Session ID: b4353e81-75b5-461a-af50-6648789b01b0
*** Element info: {Using=xpath, value=.//option[normalize-space(.) = "1"]}
	at sun.reflect.NativeConstructorAccessorImpl.newInstance0(Native Method)
	at sun.reflect.NativeConstructorAccessorImpl.newInstance(NativeConstructorAccessorImpl.java:62)
	at sun.reflect.DelegatingConstructorAccessorImpl.newInstance(DelegatingConstructorAccessorImpl.java:45)
	at java.lang.reflect.Constructor.newInstance(Constructor.java:422)
	at org.openqa.selenium.remote.ErrorHandler.createThrowable(ErrorHandler.java:206)
	at org.openqa.selenium.remote.ErrorHandler.throwIfResponseFailed(ErrorHandler.java:158)
	at org.openqa.selenium.remote.RemoteWebDriver.execute(RemoteWebDriver.java:647)
	at org.openqa.selenium.remote.RemoteWebElement.execute(RemoteWebElement.java:326)
	at org.openqa.selenium.remote.RemoteWebElement.findElements(RemoteWebElement.java:213)
	at org.openqa.selenium.remote.RemoteWebElement.findElementsByXPath(RemoteWebElement.java:298)
	at org.openqa.selenium.By$ByXPath.findElements(By.java:356)
	at org.openqa.selenium.remote.RemoteWebElement.findElements(RemoteWebElement.java:189)
	at org.openqa.selenium.support.ui.Select.selectByVisibleText(Select.java:115)
	at TestNG.TestCases.Test1(TestCases.java:137)
	at sun.reflect.NativeMethodAccessorImpl.invoke0(Native Method)
	at sun.reflect.NativeMethodAccessorImpl.invoke(NativeMethodAccessorImpl.java:62)
	at sun.reflect.DelegatingMethodAccessorImpl.invoke(DelegatingMethodAccessorImpl.java:43)
	at java.lang.reflect.Method.invoke(Method.java:497)
	at org.testng.internal.MethodInvocationHelper.invokeMethod(MethodInvocationHelper.java:85)
	at org.testng.internal.Invoker.invokeMethod(Invoker.java:639)
	at org.testng.internal.Invoker.invokeTestMethod(Invoker.java:821)
	at org.testng.internal.Invoker.invokeTestMethods(Invoker.java:1131)
	at org.testng.internal.TestMethodWorker.invokeTestMethods(TestMethodWorker.java:124)
	at org.testng.internal.TestMethodWorker.run(TestMethodWorker.java:108)
	at org.testng.TestRunner.privateRun(TestRunner.java:773)
	at org.testng.TestRunner.run(TestRunner.java:623)
	at org.testng.SuiteRunner.runTest(SuiteRunner.java:357)
	at org.testng.SuiteRunner.runSequentially(SuiteRunner.java:352)
	at org.testng.SuiteRunner.privateRun(SuiteRunner.java:310)
	at org.testng.SuiteRunner.run(SuiteRunner.java:259)
	at org.testng.SuiteRunnerWorker.runSuite(SuiteRunnerWorker.java:52)
	at org.testng.SuiteRunnerWorker.run(SuiteRunnerWorker.java:86)
	at org.testng.TestNG.runSuitesSequentially(TestNG.java:1185)
	at org.testng.TestNG.runSuitesLocally(TestNG.java:1110)
	at org.testng.TestNG.run(TestNG.java:1018)
	at org.testng.TestNG.privateMain(TestNG.java:1325)
	at org.testng.TestNG.main(TestNG.java:1294)
Caused by: org.openqa.selenium.StaleElementReferenceException: Element is no longer attached to the DOM
For documentation on this error, please visit: http://seleniumhq.org/exceptions/stale_element_reference.html
Build info: version: '2.48.2', revision: '41bccdd', time: '2015-10-09 19:55:52'
System info: host: 'NB32057', ip: '172.21.1.223', os.name: 'Windows 10', os.arch: 'amd64', os.version: '10.0', java.version: '1.8.0_66'
Driver info: driver.version: unknown
	at <anonymous class>.fxdriver.cache.getElementAt(resource://fxdriver/modules/web-element-cache.js:9354)
	at <anonymous class>.Utils.getElementAt(file:///C:/Users/janisnu/AppData/Local/Temp/anonymous659203204943649399webdriver-profile/extensions/fxdriver@googlecode.com/components/driver-component.js:8978)
	at <anonymous class>.FirefoxDriver.prototype.findElementsInternal_(file:///C:/Users/janisnu/AppData/Local/Temp/anonymous659203204943649399webdriver-profile/extensions/fxdriver@googlecode.com/components/driver-component.js:10677)
	at <anonymous class>.fxdriver.Timer.prototype.setTimeout/<.notify(file:///C:/Users/janisnu/AppData/Local/Temp/anonymous659203204943649399webdriver-profile/extensions/fxdriver@googlecode.com/components/driver-component.js:621)
]]>
            </full-stacktrace>
          </exception> <!-- org.openqa.selenium.StaleElementReferenceException -->
          <reporter-output>
          </reporter-output>
        </test-method> <!-- Test1 -->
        <test-method status="PASS" signature="takeScreenShotOnFailure(org.testng.ITestResult)[pri:0, instance:TestNG.TestCases@71c7db30]" name="takeScreenShotOnFailure" is-config="true" duration-ms="406" started-at="2016-01-19T14:53:52Z" finished-at="2016-01-19T14:53:53Z">
          <params>
            <param index="0">
              <value>
                <![CDATA[[TestResult name=Test1 status=FAILURE method=TestCases.Test1()[pri:0, instance:TestNG.TestCases@71c7db30] output={null}]]]>
              </value>
            </param>
          </params>
          <reporter-output>
          </reporter-output>
        </test-method> <!-- takeScreenShotOnFailure -->
        <test-method status="PASS" signature="tearDown()[pri:0, instance:TestNG.TestCases@71c7db30]" name="tearDown" is-config="true" duration-ms="1067" started-at="2016-01-19T14:53:53Z" finished-at="2016-01-19T14:53:54Z">
          <reporter-output>
          </reporter-output>
        </test-method> <!-- tearDown -->
      </class> <!-- TestNG.TestCases -->
    </test> <!-- Test -->
  </suite> <!-- Suite -->
</testng-results>
